[debug] [2019-08-06T15:38:56.789Z] ----------------------------------------------------------------------
[debug] [2019-08-06T15:38:56.791Z] Command:       C:\Program Files\nodejs\node.exe C:\Program Files\nodejs\node_modules\firebase-tools\lib\bin\firebase.js deploy
[debug] [2019-08-06T15:38:56.791Z] CLI Version:   7.2.2
[debug] [2019-08-06T15:38:56.791Z] Platform:      win32
[debug] [2019-08-06T15:38:56.791Z] Node Version:  v10.16.1
[debug] [2019-08-06T15:38:56.792Z] Time:          Tue Aug 06 2019 09:38:56 GMT-0600 (Mountain Daylight Time)
[debug] [2019-08-06T15:38:56.792Z] ----------------------------------------------------------------------
[debug] 
[debug] [2019-08-06T15:38:56.800Z] > command requires scopes: ["email","openid","https://www.googleapis.com/auth/cloudplatformprojects.readonly","https://www.googleapis.com/auth/firebase","https://www.googleapis.com/auth/cloud-platform"]
[debug] [2019-08-06T15:38:56.801Z] > authorizing via signed-in user
[debug] [2019-08-06T15:38:56.801Z] [iam] checking project angular-bootstrap-fireba-7acd6 for permissions ["cloudfunctions.functions.create","cloudfunctions.functions.delete","cloudfunctions.functions.get","cloudfunctions.functions.list","cloudfunctions.functions.update","cloudfunctions.operations.get","datastore.indexes.create","datastore.indexes.delete","datastore.indexes.list","datastore.indexes.update","firebase.projects.get","firebasehosting.sites.update","firebaserules.releases.create","firebaserules.releases.update","firebaserules.rulesets.create"]
[debug] [2019-08-06T15:38:56.802Z] >>> HTTP REQUEST POST https://cloudresourcemanager.googleapis.com/v1/projects/angular-bootstrap-fireba-7acd6:testIamPermissions  

[debug] [2019-08-06T15:38:57.071Z] <<< HTTP RESPONSE 200
[debug] [2019-08-06T15:38:57.073Z] >>> HTTP REQUEST GET https://firebase.googleapis.com/v1beta1/projects/angular-bootstrap-fireba-7acd6  
 
[debug] [2019-08-06T15:38:57.288Z] <<< HTTP RESPONSE 200
[info] 
[info] === Deploying to 'angular-bootstrap-fireba-7acd6'...
[info] 
[info] i  deploying storage, firestore, functions, hosting
[info] Running command: npm --prefix "$RESOURCE_DIR" run lint
[info] Running command: npm --prefix "$RESOURCE_DIR" run build
[info] +  functions: Finished running predeploy script.
[debug] [2019-08-06T15:39:04.274Z] >>> HTTP REQUEST GET https://appengine.googleapis.com/v1/apps/angular-bootstrap-fireba-7acd6  
 
[debug] [2019-08-06T15:39:04.749Z] <<< HTTP RESPONSE 200
[info] i  storage: checking storage.rules for compilation errors...
[debug] [2019-08-06T15:39:04.753Z] >>> HTTP REQUEST POST https://firebaserules.googleapis.com/v1/projects/angular-bootstrap-fireba-7acd6:test  

[debug] [2019-08-06T15:39:04.957Z] <<< HTTP RESPONSE 200
[info] +  storage: rules file storage.rules compiled successfully
[info] i  firestore: checking firestore.rules for compilation errors...
[info] i  firestore: reading indexes from firestore.indexes.json...
[debug] [2019-08-06T15:39:04.970Z] >>> HTTP REQUEST POST https://firebaserules.googleapis.com/v1/projects/angular-bootstrap-fireba-7acd6:test  

[debug] [2019-08-06T15:39:05.095Z] <<< HTTP RESPONSE 200
[info] +  firestore: rules file firestore.rules compiled successfully
[debug] [2019-08-06T15:39:05.097Z] > [functions] package.json contents: {
  "name": "functions",
  "scripts": {
    "lint": "tslint --project tsconfig.json",
    "build": "tsc",
    "serve": "npm run build && firebase serve --only functions",
    "shell": "npm run build && firebase functions:shell",
    "start": "npm run shell",
    "deploy": "firebase deploy --only functions",
    "logs": "firebase functions:log"
  },
  "engines": {
    "node": "8"
  },
  "main": "lib/index.js",
  "dependencies": {
    "firebase-admin": "^8.3.0",
    "firebase-functions": "^3.2.0"
  },
  "devDependencies": {
    "tslint": "^5.18.0",
    "typescript": "^3.5.3"
  },
  "private": true
}
[info] i  functions: ensuring necessary APIs are enabled...
[debug] [2019-08-06T15:39:05.098Z] >>> HTTP REQUEST GET https://serviceusage.googleapis.com/v1/projects/angular-bootstrap-fireba-7acd6/services/cloudfunctions.googleapis.com  
 
[debug] [2019-08-06T15:39:05.099Z] >>> HTTP REQUEST GET https://serviceusage.googleapis.com/v1/projects/angular-bootstrap-fireba-7acd6/services/runtimeconfig.googleapis.com  
 
[debug] [2019-08-06T15:39:05.383Z] <<< HTTP RESPONSE 200
[debug] [2019-08-06T15:39:05.398Z] <<< HTTP RESPONSE 200
[info] +  functions: all necessary APIs are enabled
[debug] [2019-08-06T15:39:05.400Z] >>> HTTP REQUEST GET https://firebase.googleapis.com/v1beta1/projects/angular-bootstrap-fireba-7acd6/adminSdkConfig  
 
[debug] [2019-08-06T15:39:05.540Z] <<< HTTP RESPONSE 200
[debug] [2019-08-06T15:39:05.541Z] >>> HTTP REQUEST POST https://firebasehosting.googleapis.com/v1beta1/sites/angular-bootstrap-fireba-7acd6/versions  

[debug] [2019-08-06T15:39:06.605Z] <<< HTTP RESPONSE 200
[info] i  storage: uploading rules storage.rules...
[debug] [2019-08-06T15:39:06.606Z] >>> HTTP REQUEST POST https://firebaserules.googleapis.com/v1/projects/angular-bootstrap-fireba-7acd6/rulesets  

[debug] [2019-08-06T15:39:06.792Z] <<< HTTP RESPONSE 200
[debug] [2019-08-06T15:39:06.792Z] [rules] created ruleset projects/angular-bootstrap-fireba-7acd6/rulesets/9f764d09-ebb4-4f10-a643-40636cfba28c
[info] i  firestore: uploading rules firestore.rules...
[debug] [2019-08-06T15:39:06.794Z] >>> HTTP REQUEST POST https://firebaserules.googleapis.com/v1/projects/angular-bootstrap-fireba-7acd6/rulesets  

[debug] [2019-08-06T15:39:06.794Z] >>> HTTP REQUEST GET https://firestore.googleapis.com/v1beta2/projects/angular-bootstrap-fireba-7acd6/databases/(default)/collectionGroups/-/indexes  
 
[debug] [2019-08-06T15:39:06.992Z] <<< HTTP RESPONSE 200
[debug] [2019-08-06T15:39:06.992Z] [rules] created ruleset projects/angular-bootstrap-fireba-7acd6/rulesets/c6c15c6f-365c-4958-b825-9cc628fb50b1
[debug] [2019-08-06T15:39:07.259Z] <<< HTTP RESPONSE 200
[debug] [2019-08-06T15:39:07.260Z] >>> HTTP REQUEST GET https://firestore.googleapis.com/v1beta2/projects/angular-bootstrap-fireba-7acd6/databases/(default)/collectionGroups/-/fields?filter=indexConfig.usesAncestorConfig=false  
 
[debug] [2019-08-06T15:39:07.661Z] <<< HTTP RESPONSE 200
[info] +  firestore: deployed indexes in firestore.indexes.json successfully
[info] i  functions: preparing functions directory for uploading...
[debug] [2019-08-06T15:39:07.664Z] >>> HTTP REQUEST GET https://runtimeconfig.googleapis.com/v1beta1/projects/angular-bootstrap-fireba-7acd6/configs  
 
[debug] [2019-08-06T15:39:08.096Z] <<< HTTP RESPONSE 200
[info] i  functions: packaged functions (30.16 KB) for uploading
[debug] [2019-08-06T15:39:08.373Z] >>> HTTP REQUEST POST https://cloudfunctions.googleapis.com/v1/projects/angular-bootstrap-fireba-7acd6/locations/us-central1/functions:generateUploadUrl  
 
